/opt/odoo/openerp/addons/base/i18n/sv.po:Hebrew / עִבְרִי:Hebrew / עִבְרִית
/opt/odoo/openerp/addons/base/i18n/pt_BR.po:Hebrew / עִבְרִי:Hebrew / עִבְרִית
/opt/odoo/openerp/addons/base/i18n/af.po:Hebrew / עִבְרִי:Hebrew / עִבְרִית
/opt/odoo/openerp/addons/base/i18n/sk.po:Hebrew / עִבְרִי:Hebrew / עִבְרִית
/opt/odoo/openerp/addons/base/i18n/vi.po:Hebrew / עִבְרִי:Hebrew / עִבְרִית
/opt/odoo/openerp/addons/base/i18n/pl.po:Hebrew / עִבְרִי:Hebrew / עִבְרִית
/opt/odoo/openerp/addons/base/i18n/ka.po:Hebrew / עִבְרִי:Hebrew / עִבְרִית
/opt/odoo/openerp/addons/base/i18n/ca.po:Hebrew / עִבְרִי:Hebrew / עִבְרִית
/opt/odoo/openerp/addons/base/i18n/uk.po:Hebrew / עִבְרִי:Hebrew / עִבְרִית
/opt/odoo/openerp/addons/base/i18n/el.po:Hebrew / עִבְרִי:Hebrew / עִבְרִית
/opt/odoo/openerp/addons/base/i18n/en_GB.po:Hebrew / עִבְרִי:Hebrew / עִבְרִית
/opt/odoo/openerp/addons/base/i18n/ko.po:Hebrew / עִבְרִי:Hebrew / עִבְרִית
/opt/odoo/openerp/addons/base/i18n/es_CO.po:Hebrew / עִבְרִי:Hebrew / עִבְרִית
/opt/odoo/openerp/addons/base/i18n/lv.po:Hebrew / עִבְרִי:Hebrew / עִבְרִית
/opt/odoo/openerp/addons/base/i18n/mk.po:Hebrew / עִבְרִי:Hebrew / עִבְרִית
/opt/odoo/openerp/addons/base/i18n/kab.po:Hebrew / עִבְרִי:Hebrew / עִבְרִית
/opt/odoo/openerp/addons/base/i18n/fa.po:Hebrew / עִבְרִי:Hebrew / עִבְרִית
/opt/odoo/openerp/addons/base/i18n/mn.po:Hebrew / עִבְרִי:Hebrew / עִבְרִית
/opt/odoo/openerp/addons/base/i18n/hu.po:Hebrew / עִבְרִי:Hebrew / עִבְרִית
/opt/odoo/openerp/addons/base/i18n/cs.po:Hebrew / עִבְרִי:Hebrew / עִבְרִית
/opt/odoo/openerp/addons/base/i18n/he.po:Hebrew / עִבְרִי:Hebrew / עִבְרִית
/opt/odoo/openerp/addons/base/i18n/et.po:Hebrew / עִבְרִי:Hebrew / עִבְרִית
/opt/odoo/openerp/addons/base/i18n/fr.po:Hebrew / עִבְרִי:Hebrew / עִבְרִית
/opt/odoo/openerp/addons/base/i18n/it.po:Hebrew / עִבְרִי:Hebrew / עִבְרִית
/opt/odoo/openerp/addons/base/i18n/nb.po:Hebrew / עִבְרִי:Hebrew / עִבְרִית
/opt/odoo/openerp/addons/base/i18n/pt.po:Hebrew / עִבְרִי:Hebrew / עִבְרִית
/opt/odoo/openerp/addons/base/i18n/tr.po:Hebrew / עִבְרִי:Hebrew / עִבְרִית
/opt/odoo/openerp/addons/base/i18n/ar.po:Hebrew / עִבְרִי:Hebrew / עִבְרִית
/opt/odoo/openerp/addons/base/i18n/zh_CN.po:Hebrew / עִבְרִי:Hebrew / עִבְרִית
/opt/odoo/openerp/addons/base/i18n/ja.po:Hebrew / עִבְרִי:Hebrew / עִבְרִית
/opt/odoo/openerp/addons/base/i18n/zh_TW.po:Hebrew / עִבְרִי:Hebrew / עִבְרִית
/opt/odoo/openerp/addons/base/i18n/hr.po:Hebrew / עִבְרִי:Hebrew / עִבְרִית
/opt/odoo/openerp/addons/base/i18n/nl.po:Hebrew / עִבְרִי:Hebrew / עִבְרִית
/opt/odoo/openerp/addons/base/i18n/es_AR.po:Hebrew / עִבְרִי:Hebrew / עִבְרִית
/opt/odoo/openerp/addons/base/i18n/sr@latin.po:Hebrew / עִבְרִי:Hebrew / עִבְרִית
/opt/odoo/openerp/addons/base/i18n/es_DO.po:Hebrew / עִבְרִי:Hebrew / עִבְרִית
/opt/odoo/openerp/addons/base/i18n/sl.po:Hebrew / עִבְרִי:Hebrew / עִבְרִית
/opt/odoo/openerp/addons/base/i18n/th.po:Hebrew / עִבְרִי:Hebrew / עִבְרִית
/opt/odoo/openerp/addons/base/i18n/id.po:Hebrew / עִבְרִי:Hebrew / עִבְרִית
/opt/odoo/openerp/addons/base/i18n/es_EC.po:Hebrew / עִבְרִי:Hebrew / עִבְרִית
/opt/odoo/openerp/addons/base/i18n/es.po:Hebrew / עִבְרִי:Hebrew / עִבְרִית
/opt/odoo/openerp/addons/base/i18n/fi.po:Hebrew / עִבְרִי:Hebrew / עִבְרִית
/opt/odoo/openerp/addons/base/i18n/sv.po:Hebrew / עִבְרִי:Hebrew / עִבְרִית
/opt/odoo/openerp/addons/base/i18n/pt_BR.po:Hebrew / עִבְרִי:Hebrew / עִבְרִית
/opt/odoo/openerp/addons/base/i18n/af.po:Hebrew / עִבְרִי:Hebrew / עִבְרִית
/opt/odoo/openerp/addons/base/i18n/sk.po:Hebrew / עִבְרִי:Hebrew / עִבְרִית
/opt/odoo/openerp/addons/base/i18n/vi.po:Hebrew / עִבְרִי:Hebrew / עִבְרִית
/opt/odoo/openerp/addons/base/i18n/pl.po:Hebrew / עִבְרִי:Hebrew / עִבְרִית
/opt/odoo/openerp/addons/base/i18n/ka.po:Hebrew / עִבְרִי:Hebrew / עִבְרִית
/opt/odoo/openerp/addons/base/i18n/ca.po:Hebrew / עִבְרִי:Hebrew / עִבְרִית
/opt/odoo/openerp/addons/base/i18n/uk.po:Hebrew / עִבְרִי:Hebrew / עִבְרִית
/opt/odoo/openerp/addons/base/i18n/el.po:Hebrew / עִבְרִי:Hebrew / עִבְרִית
/opt/odoo/openerp/addons/base/i18n/en_GB.po:Hebrew / עִבְרִי:Hebrew / עִבְרִית
/opt/odoo/openerp/addons/base/i18n/ko.po:Hebrew / עִבְרִי:Hebrew / עִבְרִית
/opt/odoo/openerp/addons/base/i18n/es_CO.po:Hebrew / עִבְרִי:Hebrew / עִבְרִית
/opt/odoo/openerp/addons/base/i18n/lv.po:Hebrew / עִבְרִי:Hebrew / עִבְרִית
/opt/odoo/openerp/addons/base/i18n/mk.po:Hebrew / עִבְרִי:Hebrew / עִבְרִית
/opt/odoo/openerp/addons/base/i18n/kab.po:Hebrew / עִבְרִי:Hebrew / עִבְרִית
/opt/odoo/openerp/addons/base/i18n/fa.po:Hebrew / עִבְרִי:Hebrew / עִבְרִית
/opt/odoo/openerp/addons/base/i18n/mn.po:Hebrew / עִבְרִי:Hebrew / עִבְרִית
/opt/odoo/openerp/addons/base/i18n/hu.po:Hebrew / עִבְרִי:Hebrew / עִבְרִית
/opt/odoo/openerp/addons/base/i18n/cs.po:Hebrew / עִבְרִי:Hebrew / עִבְרִית
/opt/odoo/openerp/addons/base/i18n/he.po:Hebrew / עִבְרִי:Hebrew / עִבְרִית
/opt/odoo/openerp/addons/base/i18n/et.po:Hebrew / עִבְרִי:Hebrew / עִבְרִית
/opt/odoo/openerp/addons/base/i18n/fr.po:Hebrew / עִבְרִי:Hebrew / עִבְרִית
/opt/odoo/openerp/addons/base/i18n/it.po:Hebrew / עִבְרִי:Hebrew / עִבְרִית
/opt/odoo/openerp/addons/base/i18n/nb.po:Hebrew / עִבְרִי:Hebrew / עִבְרִית
/opt/odoo/openerp/addons/base/i18n/pt.po:Hebrew / עִבְרִי:Hebrew / עִבְרִית
/opt/odoo/openerp/addons/base/i18n/tr.po:Hebrew / עִבְרִי:Hebrew / עִבְרִית
/opt/odoo/openerp/addons/base/i18n/ar.po:Hebrew / עִבְרִי:Hebrew / עִבְרִית
/opt/odoo/openerp/addons/base/i18n/zh_CN.po:Hebrew / עִבְרִי:Hebrew / עִבְרִית
/opt/odoo/openerp/addons/base/i18n/ja.po:Hebrew / עִבְרִי:Hebrew / עִבְרִית
/opt/odoo/openerp/addons/base/i18n/zh_TW.po:Hebrew / עִבְרִי:Hebrew / עִבְרִית
/opt/odoo/openerp/addons/base/i18n/hr.po:Hebrew / עִבְרִי:Hebrew / עִבְרִית
/opt/odoo/openerp/addons/base/i18n/nl.po:Hebrew / עִבְרִי:Hebrew / עִבְרִית
/opt/odoo/openerp/addons/base/i18n/es_AR.po:Hebrew / עִבְרִי:Hebrew / עִבְרִית
/opt/odoo/openerp/addons/base/i18n/sr@latin.po:Hebrew / עִבְרִי:Hebrew / עִבְרִית
/opt/odoo/openerp/addons/base/i18n/es_DO.po:Hebrew / עִבְרִי:Hebrew / עִבְרִית
/opt/odoo/openerp/addons/base/i18n/sl.po:Hebrew / עִבְרִי:Hebrew / עִבְרִית
/opt/odoo/openerp/addons/base/i18n/th.po:Hebrew / עִבְרִי:Hebrew / עִבְרִית
/opt/odoo/openerp/addons/base/i18n/id.po:Hebrew / עִבְרִי:Hebrew / עִבְרִית
/opt/odoo/openerp/addons/base/i18n/es_EC.po:Hebrew / עִבְרִי:Hebrew / עִבְרִית
/opt/odoo/openerp/addons/base/i18n/es.po:Hebrew / עִבְרִי:Hebrew / עִבְרִית
/opt/odoo/openerp/addons/base/i18n/fi.po:Hebrew / עִבְרִי:Hebrew / עִבְרִית
/opt/odoo/openerp/addons/base/i18n/de.po:Hebrew / עִבְרִי:Hebrew / עִבְרִית
/opt/odoo/openerp/addons/base/i18n/bs.po:Hebrew / עִבְרִי:Hebrew / עִבְרִית
/opt/odoo/openerp/addons/base/i18n/ru.po:Hebrew / עִבְרִי:Hebrew / עִבְרִית
/opt/odoo/openerp/addons/base/i18n/bg.po:Hebrew / עִבְרִי:Hebrew / עִבְרִית
/opt/odoo/openerp/addons/base/i18n/ro.po:Hebrew / עִבְרִי:Hebrew / עִבְרִית
/opt/odoo/openerp/addons/base/i18n/es_CR.po:Hebrew / עִבְרִי:Hebrew / עִבְרִית
/opt/odoo/openerp/addons/base/i18n/gl.po:Hebrew / עִבְרִי:Hebrew / עִבְרִית
/opt/odoo/addons/sale/i18n/ru.po:Предложения цен:Предложения цены
/opt/odoo/addons/purchase/i18n/ru.po:Предложения цен:Предложения цены
/opt/odoo/addons/portal_sale/i18n/ru.po:Предложения цен:Предложения цены
/opt/odoo/addons/mrp_repair/i18n/ru.po:Предложения цен:Предложения цены
/opt/odoo/addons/sale_crm/i18n/ru.po:Предложения цен:Предложения цены
/opt/odoo/addons/sale/i18n/ru.po:Предложения цен:Предложения цены
/opt/odoo/addons/purchase/i18n/ru.po:Предложения цен:Предложения цены
/opt/odoo/addons/portal_sale/i18n/ru.po:Предложения цен:Предложения цены
/opt/odoo/addons/mrp_repair/i18n/ru.po:Предложения цен:Предложения цены
/opt/odoo/addons/sale_crm/i18n/ru.po:Предложения цен:Предложения цены
/opt/odoo/addons/sale/i18n/ru.po:Предложения цен:Предложения цены
